<?xml version="1.0" encoding="UTF-8"?>
<testsuite xmlns:xsi="http://www.w3.org/2001/XMLSchema-instance" xsi:noNamespaceSchemaLocation="https://maven.apache.org/surefire/maven-surefire-plugin/xsd/surefire-test-report-3.0.xsd" version="3.0" name="Functional testing on OrangeHRM" time="45.739" tests="3" errors="2" skipped="0" failures="0">
  <properties>
[...]
</properties>
  <testcase name="Login to OrangeHRM with Parameterized message" classname="Functional testing on OrangeHRM" time="6.028">
    <system-out><![CDATA[
@ParameterizedDashboard @TC100 @Regression
Scenario: Login to OrangeHRM with Parameterized message           &amp#27;[90m# src/test/resources/OrangeHRM.feature:12&amp#27;[0m
Driver is successfully started
  &amp#27;[32mGiven &amp#27;[0m&amp#27;[32mThe user wants to go to OrangeHRM Website&amp#27;[0m                 &amp#27;[90m# code.stepsDefinitions.OrangeHRMSteps.the_user_wants_to_go_to_orange_hrm_website()&amp#27;[0m
2023-01-20 21:00:03 INFO  OrangeHRMSteps:37 - Username and password provided successfully
v  &amp#27;[32mWhen &amp#27;[0m&amp#27;[32mThe user wants to enter username and password&amp#27;[0m              &amp#27;[90m# code.stepsDefinitions.OrangeHRMSteps.the_user_wants_to_enter_username_and_password()&amp#27;[0m
  &amp#27;[32mThen &amp#27;[0m&amp#27;[32mThe user wants to click on Login button&amp#27;[0m                    &amp#27;[90m# code.stepsDefinitions.OrangeHRMSteps.the_user_wants_to_click_on_login_button()&amp#27;[0m
  &amp#27;[32mAnd &amp#27;[0m&amp#27;[32mThe user wants to verify that browser landed on &amp#27;[0m&amp#27;[32m&amp#27;[1m"Dashboard"&amp#27;[0m &amp#27;[90m# code.stepsDefinitions.OrangeHRMSteps.the_user_wants_to_verify_that_browser_landed_on(java.lang.String)&amp#27;[0m
]]></system-out>
    <system-err><![CDATA[Starting ChromeDriver 109.0.5414.74 (e7c5703604daa9cc128ccf5a5d3e993513758913-refs/branch-heads/5414@{#1172}) on port 1500
Only local connections are allowed.
Please see https://chromedriver.chromium.org/security-considerations for suggestions on keeping ChromeDriver safe.
ChromeDriver was started successfully.
Jan 20, 2023 9:00:00 PM org.openqa.selenium.remote.ProtocolHandshake createSession
INFO: Detected dialect: W3C
]]></system-err>
  </testcase>
  <testcase name="Adding a new employee" classname="Functional testing on OrangeHRM" time="17.527">
    <error message="no such element: Unable to locate element: {&quot;method&quot;:&quot;xpath&quot;,&quot;selector&quot;:&quot;//h1[.=&apos;Personal Details&apos;]&quot;}&#10;  (Session info: chrome=109.0.5414.75)&#10;For documentation on this error, please visit: https://www.seleniumhq.org/exceptions/no_such_element.html&#10;Build info: version: &apos;3.141.59&apos;, revision: &apos;e82be7d358&apos;, time: &apos;2018-11-14T08:17:03&apos;&#10;System info: host: &apos;RYDEONE&apos;, ip: &apos;192.168.72.2&apos;, os.name: &apos;Windows 10&apos;, os.arch: &apos;amd64&apos;, os.version: &apos;10.0&apos;, java.version: &apos;1.8.0_291&apos;&#10;Driver info: org.openqa.selenium.chrome.ChromeDriver&#10;Capabilities {acceptInsecureCerts: false, browserName: chrome, browserVersion: 109.0.5414.75, chrome: {chromedriverVersion: 109.0.5414.74 (e7c5703604da..., userDataDir: C:\Users\oralr\AppData\Loca...}, goog:chromeOptions: {debuggerAddress: localhost:54971}, javascriptEnabled: true, networkConnectionEnabled: false, pageLoadStrategy: normal, platform: WINDOWS, platformName: WINDOWS, proxy: Proxy(), setWindowRect: true, strictFileInteractability: false, timeouts: {implicit: 0, pageLoad: 300000, script: 30000}, unhandledPromptBehavior: dismiss and notify, webauthn:extension:credBlob: true, webauthn:extension:largeBlob: true, webauthn:virtualAuthenticators: true}&#10;Session ID: 3560102772e0655830e494648db05335&#10;*** Element info: {Using=xpath, value=//h1[.=&apos;Personal Details&apos;]}" type="org.openqa.selenium.NoSuchElementException"><![CDATA[org.openqa.selenium.NoSuchElementException: 
no such element: Unable to locate element: {"method":"xpath","selector":"//h1[.='Personal Details']"}
  (Session info: chrome=109.0.5414.75)
For documentation on this error, please visit: https://www.seleniumhq.org/exceptions/no_such_element.html
Build info: version: '3.141.59', revision: 'e82be7d358', time: '2018-11-14T08:17:03'
System info: host: 'RYDEONE', ip: '192.168.72.2', os.name: 'Windows 10', os.arch: 'amd64', os.version: '10.0', java.version: '1.8.0_291'
Driver info: org.openqa.selenium.chrome.ChromeDriver
Capabilities {acceptInsecureCerts: false, browserName: chrome, browserVersion: 109.0.5414.75, chrome: {chromedriverVersion: 109.0.5414.74 (e7c5703604da..., userDataDir: C:\Users\oralr\AppData\Loca...}, goog:chromeOptions: {debuggerAddress: localhost:54971}, javascriptEnabled: true, networkConnectionEnabled: false, pageLoadStrategy: normal, platform: WINDOWS, platformName: WINDOWS, proxy: Proxy(), setWindowRect: true, strictFileInteractability: false, timeouts: {implicit: 0, pageLoad: 300000, script: 30000}, unhandledPromptBehavior: dismiss and notify, webauthn:extension:credBlob: true, webauthn:extension:largeBlob: true, webauthn:virtualAuthenticators: true}
Session ID: 3560102772e0655830e494648db05335
*** Element info: {Using=xpath, value=//h1[.='Personal Details']}
]]></error>
    <system-out><![CDATA[
@TC_200 @Regression
Scenario: Adding a new employee                                   &amp#27;[90m# src/test/resources/OrangeHRM.feature:19&amp#27;[0m
Driver is successfully started
  &amp#27;[32mGiven &amp#27;[0m&amp#27;[32mThe user wants to go to OrangeHRM Website&amp#27;[0m                 &amp#27;[90m# code.stepsDefinitions.OrangeHRMSteps.the_user_wants_to_go_to_orange_hrm_website()&amp#27;[0m
2023-01-20 21:00:08 INFO  OrangeHRMSteps:37 - Username and password provided successfully
v  &amp#27;[32mWhen &amp#27;[0m&amp#27;[32mThe user wants to enter username and password&amp#27;[0m              &amp#27;[90m# code.stepsDefinitions.OrangeHRMSteps.the_user_wants_to_enter_username_and_password()&amp#27;[0m
  &amp#27;[32mThen &amp#27;[0m&amp#27;[32mThe user wants to click on Login button&amp#27;[0m                    &amp#27;[90m# code.stepsDefinitions.OrangeHRMSteps.the_user_wants_to_click_on_login_button()&amp#27;[0m
  &amp#27;[32mAnd &amp#27;[0m&amp#27;[32mThe user wants to verify that browser landed on &amp#27;[0m&amp#27;[32m&amp#27;[1m"Dashboard"&amp#27;[0m &amp#27;[90m# code.stepsDefinitions.OrangeHRMSteps.the_user_wants_to_verify_that_browser_landed_on(java.lang.String)&amp#27;[0m
  &amp#27;[32mThen &amp#27;[0m&amp#27;[32mThe user wants to click on PIM Module&amp#27;[0m                      &amp#27;[90m# code.stepsDefinitions.OrangeHRMSteps.the_user_wants_to_click_on_pim_module()&amp#27;[0m
  &amp#27;[32mAnd &amp#27;[0m&amp#27;[32mThe user wants to go to Add Employee Page&amp#27;[0m                   &amp#27;[90m# code.stepsDefinitions.OrangeHRMSteps.the_user_wants_to_go_to_add_employee_page()&amp#27;[0m
2023-01-20 21:00:13 INFO  OrangeHRMHome:62 - Mehmet is successfully entered
v  &amp#27;[32mThen &amp#27;[0m&amp#27;[32mThe user wants to add first name as &amp#27;[0m&amp#27;[32m&amp#27;[1m"Mehmet"&amp#27;[0m               &amp#27;[90m# code.stepsDefinitions.OrangeHRMSteps.the_user_wants_to_add_first_name_as(java.lang.String)&amp#27;[0m
2023-01-20 21:00:14 INFO  OrangeHRMHome:67 - Renastech2 is successfully entered
v  &amp#27;[32mThen &amp#27;[0m&amp#27;[32mThe user wants to add last name as &amp#27;[0m&amp#27;[32m&amp#27;[1m"Renastech2"&amp#27;[0m            &amp#27;[90m# code.stepsDefinitions.OrangeHRMSteps.the_user_wants_to_add_last_name_as(java.lang.String)&amp#27;[0m
2023-01-20 21:00:15 INFO  OrangeHRMHome:72 - Save button successfully clicked
v  &amp#27;[32mThen &amp#27;[0m&amp#27;[32mThe user wants to save personal information&amp#27;[0m                &amp#27;[90m# code.stepsDefinitions.OrangeHRMSteps.the_user_wants_to_save_personal_information()&amp#27;[0m
  &amp#27;[31mThen &amp#27;[0m&amp#27;[31mThe user should be able to see &amp#27;[0m&amp#27;[31m&amp#27;[1m"Personal Details"&amp#27;[0m          &amp#27;[90m# code.stepsDefinitions.OrangeHRMSteps.the_user_should_be_able_to_see(java.lang.String)&amp#27;[0m
      &amp#27;[31morg.openqa.selenium.NoSuchElementException: no such element: Unable to locate element: {"method":"xpath","selector":"//h1[.='Personal Details']"}
  (Session info: chrome=109.0.5414.75)
For documentation on this error, please visit: https://www.seleniumhq.org/exceptions/no_such_element.html
Build info: version: '3.141.59', revision: 'e82be7d358', time: '2018-11-14T08:17:03'
System info: host: 'RYDEONE', ip: '192.168.72.2', os.name: 'Windows 10', os.arch: 'amd64', os.version: '10.0', java.version: '1.8.0_291'
Driver info: org.openqa.selenium.chrome.ChromeDriver
Capabilities {acceptInsecureCerts: false, browserName: chrome, browserVersion: 109.0.5414.75, chrome: {chromedriverVersion: 109.0.5414.74 (e7c5703604da..., userDataDir: C:\Users\oralr\AppData\Loca...}, goog:chromeOptions: {debuggerAddress: localhost:54971}, javascriptEnabled: true, networkConnectionEnabled: false, pageLoadStrategy: normal, platform: WINDOWS, platformName: WINDOWS, proxy: Proxy(), setWindowRect: true, strictFileInteractability: false, timeouts: {implicit: 0, pageLoad: 300000, script: 30000}, unhandledPromptBehavior: dismiss and notify, webauthn:extension:credBlob: true, webauthn:extension:largeBlob: true, webauthn:virtualAuthenticators: true}
Session ID: 3560102772e0655830e494648db05335
*** Element info: {Using=xpath, value=//h1[.='Personal Details']}
	at sun.reflect.NativeConstructorAccessorImpl.newInstance0(Native Method)
	at sun.reflect.NativeConstructorAccessorImpl.newInstance(NativeConstructorAccessorImpl.java:62)
	at sun.reflect.DelegatingConstructorAccessorImpl.newInstance(DelegatingConstructorAccessorImpl.java:45)
	at java.lang.reflect.Constructor.newInstance(Constructor.java:423)
	at org.openqa.selenium.remote.http.W3CHttpResponseCodec.createException(W3CHttpResponseCodec.java:187)
	at org.openqa.selenium.remote.http.W3CHttpResponseCodec.decode(W3CHttpResponseCodec.java:122)
	at org.openqa.selenium.remote.http.W3CHttpResponseCodec.decode(W3CHttpResponseCodec.java:49)
	at org.openqa.selenium.remote.HttpCommandExecutor.execute(HttpCommandExecutor.java:158)
	at org.openqa.selenium.remote.service.DriverCommandExecutor.execute(DriverCommandExecutor.java:83)
	at org.openqa.selenium.remote.RemoteWebDriver.execute(RemoteWebDriver.java:552)
	at org.openqa.selenium.remote.RemoteWebDriver.findElement(RemoteWebDriver.java:323)
	at org.openqa.selenium.remote.RemoteWebDriver.findElementByXPath(RemoteWebDriver.java:428)
	at org.openqa.selenium.By$ByXPath.findElement(By.java:353)
	at org.openqa.selenium.remote.RemoteWebDriver.findElement(RemoteWebDriver.java:315)
	at org.openqa.selenium.support.pagefactory.DefaultElementLocator.findElement(DefaultElementLocator.java:69)
	at org.openqa.selenium.support.pagefactory.internal.LocatingElementHandler.invoke(LocatingElementHandler.java:38)
	at com.sun.proxy.$Proxy18.getText(Unknown Source)
	at code.pages.OrangeHRMHome.setPersonalDetailsHeader(OrangeHRMHome.java:77)
	at code.stepsDefinitions.OrangeHRMSteps.the_user_should_be_able_to_see(OrangeHRMSteps.java:74)
	at âœ½.The user should be able to see "Personal Details"(file:///C:/Users/oralr/IdeaProjects/RenastechTulip/04_CucumberBDD/src/test/resources/OrangeHRM.feature:29)
&amp#27;[0m

    Embedding Adding a new employee [image/png 81789 bytes]

]]></system-out>
    <system-err><![CDATA[Starting ChromeDriver 109.0.5414.74 (e7c5703604daa9cc128ccf5a5d3e993513758913-refs/branch-heads/5414@{#1172}) on port 10081
Only local connections are allowed.
Please see https://chromedriver.chromium.org/security-considerations for suggestions on keeping ChromeDriver safe.
ChromeDriver was started successfully.
Jan 20, 2023 9:00:06 PM org.openqa.selenium.remote.ProtocolHandshake createSession
INFO: Detected dialect: W3C
]]></system-err>
  </testcase>
  <testcase name="Adding a new employee - Third format using List" classname="Functional testing on OrangeHRM" time="22.184">
    <error message="no such element: Unable to locate element: {&quot;method&quot;:&quot;xpath&quot;,&quot;selector&quot;:&quot;//h1[.=&apos;Personal Details&apos;]&quot;}&#10;  (Session info: chrome=109.0.5414.75)&#10;For documentation on this error, please visit: https://www.seleniumhq.org/exceptions/no_such_element.html&#10;Build info: version: &apos;3.141.59&apos;, revision: &apos;e82be7d358&apos;, time: &apos;2018-11-14T08:17:03&apos;&#10;System info: host: &apos;RYDEONE&apos;, ip: &apos;192.168.72.2&apos;, os.name: &apos;Windows 10&apos;, os.arch: &apos;amd64&apos;, os.version: &apos;10.0&apos;, java.version: &apos;1.8.0_291&apos;&#10;Driver info: org.openqa.selenium.chrome.ChromeDriver&#10;Capabilities {acceptInsecureCerts: false, browserName: chrome, browserVersion: 109.0.5414.75, chrome: {chromedriverVersion: 109.0.5414.74 (e7c5703604da..., userDataDir: C:\Users\oralr\AppData\Loca...}, goog:chromeOptions: {debuggerAddress: localhost:55136}, javascriptEnabled: true, networkConnectionEnabled: false, pageLoadStrategy: normal, platform: WINDOWS, platformName: WINDOWS, proxy: Proxy(), setWindowRect: true, strictFileInteractability: false, timeouts: {implicit: 0, pageLoad: 300000, script: 30000}, unhandledPromptBehavior: dismiss and notify, webauthn:extension:credBlob: true, webauthn:extension:largeBlob: true, webauthn:virtualAuthenticators: true}&#10;Session ID: 3bda5d84fc852c6e49c6222b247f5c0c&#10;*** Element info: {Using=xpath, value=//h1[.=&apos;Personal Details&apos;]}" type="org.openqa.selenium.NoSuchElementException"><![CDATA[org.openqa.selenium.NoSuchElementException: 
no such element: Unable to locate element: {"method":"xpath","selector":"//h1[.='Personal Details']"}
  (Session info: chrome=109.0.5414.75)
For documentation on this error, please visit: https://www.seleniumhq.org/exceptions/no_such_element.html
Build info: version: '3.141.59', revision: 'e82be7d358', time: '2018-11-14T08:17:03'
System info: host: 'RYDEONE', ip: '192.168.72.2', os.name: 'Windows 10', os.arch: 'amd64', os.version: '10.0', java.version: '1.8.0_291'
Driver info: org.openqa.selenium.chrome.ChromeDriver
Capabilities {acceptInsecureCerts: false, browserName: chrome, browserVersion: 109.0.5414.75, chrome: {chromedriverVersion: 109.0.5414.74 (e7c5703604da..., userDataDir: C:\Users\oralr\AppData\Loca...}, goog:chromeOptions: {debuggerAddress: localhost:55136}, javascriptEnabled: true, networkConnectionEnabled: false, pageLoadStrategy: normal, platform: WINDOWS, platformName: WINDOWS, proxy: Proxy(), setWindowRect: true, strictFileInteractability: false, timeouts: {implicit: 0, pageLoad: 300000, script: 30000}, unhandledPromptBehavior: dismiss and notify, webauthn:extension:credBlob: true, webauthn:extension:largeBlob: true, webauthn:virtualAuthenticators: true}
Session ID: 3bda5d84fc852c6e49c6222b247f5c0c
*** Element info: {Using=xpath, value=//h1[.='Personal Details']}
]]></error>
    <system-out><![CDATA[
@TC400 @Regression
Scenario: Adding a new employee - Third format using List                       &amp#27;[90m# src/test/resources/OrangeHRM.feature:53&amp#27;[0m
Driver is successfully started
  &amp#27;[32mGiven &amp#27;[0m&amp#27;[32mThe user wants to go to OrangeHRM Website&amp#27;[0m                               &amp#27;[90m# code.stepsDefinitions.OrangeHRMSteps.the_user_wants_to_go_to_orange_hrm_website()&amp#27;[0m
2023-01-20 21:00:28 INFO  OrangeHRMSteps:37 - Username and password provided successfully
v  &amp#27;[32mWhen &amp#27;[0m&amp#27;[32mThe user wants to enter username and password&amp#27;[0m                            &amp#27;[90m# code.stepsDefinitions.OrangeHRMSteps.the_user_wants_to_enter_username_and_password()&amp#27;[0m
  &amp#27;[32mThen &amp#27;[0m&amp#27;[32mThe user wants to click on Login button&amp#27;[0m                                  &amp#27;[90m# code.stepsDefinitions.OrangeHRMSteps.the_user_wants_to_click_on_login_button()&amp#27;[0m
  &amp#27;[32mAnd &amp#27;[0m&amp#27;[32mThe user wants to verify that browser landed on &amp#27;[0m&amp#27;[32m&amp#27;[1m"Dashboard"&amp#27;[0m               &amp#27;[90m# code.stepsDefinitions.OrangeHRMSteps.the_user_wants_to_verify_that_browser_landed_on(java.lang.String)&amp#27;[0m
  &amp#27;[32mThen &amp#27;[0m&amp#27;[32mThe user wants to click on PIM Module&amp#27;[0m                                    &amp#27;[90m# code.stepsDefinitions.OrangeHRMSteps.the_user_wants_to_click_on_pim_module()&amp#27;[0m
  &amp#27;[32mAnd &amp#27;[0m&amp#27;[32mThe user wants to go to Add Employee Page&amp#27;[0m                                 &amp#27;[90m# code.stepsDefinitions.OrangeHRMSteps.the_user_wants_to_go_to_add_employee_page()&amp#27;[0m
2023-01-20 21:00:34 INFO  OrangeHRMHome:62 - Anil is successfully entered
v2023-01-20 21:00:34 INFO  OrangeHRMHome:67 - Renastech44 is successfully entered
v  &amp#27;[32mThen &amp#27;[0m&amp#27;[32mThe user wants to add employee's first and last name using a List Method&amp#27;[0m &amp#27;[90m# code.stepsDefinitions.OrangeHRMSteps.the_user_wants_to_add_employee_s_first_and_last_name_using_a_list_method(java.util.List<java.util.List<java.lang.String>>)&amp#27;[0m
    | Benjamin | Renastech22 |
    | Abdul    | Renastech33 |
    | Anil     | Renastech44 |
2023-01-20 21:00:35 INFO  OrangeHRMHome:84 - Add login details button was successfully clicked
v2023-01-20 21:00:35 INFO  OrangeHRMSteps:104 - AddLoginDetails button is clicked successfully
v2023-01-20 21:00:35 INFO  OrangeHRMSteps:106 - Username is provided successfully
v2023-01-20 21:00:35 INFO  OrangeHRMSteps:108 - Password is provided successfully
v2023-01-20 21:00:36 INFO  OrangeHRMSteps:111 - Status provided successfully
v  &amp#27;[32mThen &amp#27;[0m&amp#27;[32mThe user wants to add Login details in a List way&amp#27;[0m                        &amp#27;[90m# code.stepsDefinitions.OrangeHRMSteps.the_user_wants_to_add_login_details_in_a_list_way(java.util.List<java.util.List<java.lang.String>>)&amp#27;[0m
    | renastech234  | Renastech!@@@2 | Disabled |
    | abcRenastechh | RenasRenas!@!  | Enabled  |
    | abc123Renas   | Renastech123@! | Enabled  |
2023-01-20 21:00:37 INFO  OrangeHRMHome:72 - Save button successfully clicked
v  &amp#27;[32mThen &amp#27;[0m&amp#27;[32mThe user wants to save personal information&amp#27;[0m                              &amp#27;[90m# code.stepsDefinitions.OrangeHRMSteps.the_user_wants_to_save_personal_information()&amp#27;[0m
  &amp#27;[31mThen &amp#27;[0m&amp#27;[31mThe user should be able to see &amp#27;[0m&amp#27;[31m&amp#27;[1m"Personal Details"&amp#27;[0m                        &amp#27;[90m# code.stepsDefinitions.OrangeHRMSteps.the_user_should_be_able_to_see(java.lang.String)&amp#27;[0m
      &amp#27;[31morg.openqa.selenium.NoSuchElementException: no such element: Unable to locate element: {"method":"xpath","selector":"//h1[.='Personal Details']"}
  (Session info: chrome=109.0.5414.75)
For documentation on this error, please visit: https://www.seleniumhq.org/exceptions/no_such_element.html
Build info: version: '3.141.59', revision: 'e82be7d358', time: '2018-11-14T08:17:03'
System info: host: 'RYDEONE', ip: '192.168.72.2', os.name: 'Windows 10', os.arch: 'amd64', os.version: '10.0', java.version: '1.8.0_291'
Driver info: org.openqa.selenium.chrome.ChromeDriver
Capabilities {acceptInsecureCerts: false, browserName: chrome, browserVersion: 109.0.5414.75, chrome: {chromedriverVersion: 109.0.5414.74 (e7c5703604da..., userDataDir: C:\Users\oralr\AppData\Loca...}, goog:chromeOptions: {debuggerAddress: localhost:55136}, javascriptEnabled: true, networkConnectionEnabled: false, pageLoadStrategy: normal, platform: WINDOWS, platformName: WINDOWS, proxy: Proxy(), setWindowRect: true, strictFileInteractability: false, timeouts: {implicit: 0, pageLoad: 300000, script: 30000}, unhandledPromptBehavior: dismiss and notify, webauthn:extension:credBlob: true, webauthn:extension:largeBlob: true, webauthn:virtualAuthenticators: true}
Session ID: 3bda5d84fc852c6e49c6222b247f5c0c
*** Element info: {Using=xpath, value=//h1[.='Personal Details']}
	at sun.reflect.NativeConstructorAccessorImpl.newInstance0(Native Method)
	at sun.reflect.NativeConstructorAccessorImpl.newInstance(NativeConstructorAccessorImpl.java:62)
	at sun.reflect.DelegatingConstructorAccessorImpl.newInstance(DelegatingConstructorAccessorImpl.java:45)
	at java.lang.reflect.Constructor.newInstance(Constructor.java:423)
	at org.openqa.selenium.remote.http.W3CHttpResponseCodec.createException(W3CHttpResponseCodec.java:187)
	at org.openqa.selenium.remote.http.W3CHttpResponseCodec.decode(W3CHttpResponseCodec.java:122)
	at org.openqa.selenium.remote.http.W3CHttpResponseCodec.decode(W3CHttpResponseCodec.java:49)
	at org.openqa.selenium.remote.HttpCommandExecutor.execute(HttpCommandExecutor.java:158)
	at org.openqa.selenium.remote.service.DriverCommandExecutor.execute(DriverCommandExecutor.java:83)
	at org.openqa.selenium.remote.RemoteWebDriver.execute(RemoteWebDriver.java:552)
	at org.openqa.selenium.remote.RemoteWebDriver.findElement(RemoteWebDriver.java:323)
	at org.openqa.selenium.remote.RemoteWebDriver.findElementByXPath(RemoteWebDriver.java:428)
	at org.openqa.selenium.By$ByXPath.findElement(By.java:353)
	at org.openqa.selenium.remote.RemoteWebDriver.findElement(RemoteWebDriver.java:315)
	at org.openqa.selenium.support.pagefactory.DefaultElementLocator.findElement(DefaultElementLocator.java:69)
	at org.openqa.selenium.support.pagefactory.internal.LocatingElementHandler.invoke(LocatingElementHandler.java:38)
	at com.sun.proxy.$Proxy18.getText(Unknown Source)
	at code.pages.OrangeHRMHome.setPersonalDetailsHeader(OrangeHRMHome.java:77)
	at code.stepsDefinitions.OrangeHRMSteps.the_user_should_be_able_to_see(OrangeHRMSteps.java:74)
	at âœ½.The user should be able to see "Personal Details"(file:///C:/Users/oralr/IdeaProjects/RenastechTulip/04_CucumberBDD/src/test/resources/OrangeHRM.feature:71)
&amp#27;[0m

    Embedding Adding a new employee - Third format using List [image/png 102556 bytes]

]]></system-out>
    <system-err><![CDATA[Starting ChromeDriver 109.0.5414.74 (e7c5703604daa9cc128ccf5a5d3e993513758913-refs/branch-heads/5414@{#1172}) on port 44916
Only local connections are allowed.
Please see https://chromedriver.chromium.org/security-considerations for suggestions on keeping ChromeDriver safe.
ChromeDriver was started successfully.
Jan 20, 2023 9:00:24 PM org.openqa.selenium.remote.ProtocolHandshake createSession
INFO: Detected dialect: W3C
]]></system-err>
  </testcase>
</testsuite>