<?xml version="1.0" encoding="UTF-8"?>
<testsuite xmlns:xsi="http://www.w3.org/2001/XMLSchema-instance" xsi:noNamespaceSchemaLocation="https://maven.apache.org/surefire/maven-surefire-plugin/xsd/surefire-test-report-3.0.xsd" version="3.0" name="Payment Gateway functional test" time="67.857" tests="5" errors="0" skipped="0" failures="0">
  <properties>
[...]
</properties>
  <testcase name="Verify that user can buy an Elephant toy" classname="Payment Gateway functional test" time="14.209">
    <system-out><![CDATA[
@BuyingProduct_TC1 @Regression
Scenario: Verify that user can buy an Elephant toy             &amp#27;[90m# src/test/resources/Demo.feature:6&amp#27;[0m
Driver is successfully started
  &amp#27;[32mGiven &amp#27;[0m&amp#27;[32mThe user wants to go to Payment Gateway Website&amp#27;[0m        &amp#27;[90m# code.stepsDefinitions.guru99Steps.the_user_wants_to_go_to_payment_gateway_website()&amp#27;[0m
  &amp#27;[32mWhen &amp#27;[0m&amp#27;[32mThe user wants to buy an elephant toy&amp#27;[0m                   &amp#27;[90m# code.stepsDefinitions.guru99Steps.the_user_wants_to_buy_an_elephant_toy()&amp#27;[0m
  &amp#27;[32mThen &amp#27;[0m&amp#27;[32mThe user wants to provide requested payment information&amp#27;[0m &amp#27;[90m# code.stepsDefinitions.guru99Steps.the_user_wants_to_provide_requested_payment_information()&amp#27;[0m
  &amp#27;[32mAnd &amp#27;[0m&amp#27;[32mThe user wants to click on pay now&amp#27;[0m                       &amp#27;[90m# code.stepsDefinitions.guru99Steps.the_user_wants_to_click_on_pay_now()&amp#27;[0m
  &amp#27;[32mThen &amp#27;[0m&amp#27;[32mThe user wants to verify order is successful&amp#27;[0m            &amp#27;[90m# code.stepsDefinitions.guru99Steps.the_user_wants_to_verify_order_is_successful()&amp#27;[0m
]]></system-out>
    <system-err><![CDATA[SLF4J: Failed to load class "org.slf4j.impl.StaticLoggerBinder".
SLF4J: Defaulting to no-operation (NOP) logger implementation
SLF4J: See http://www.slf4j.org/codes.html#StaticLoggerBinder for further details.
Starting ChromeDriver 109.0.5414.74 (e7c5703604daa9cc128ccf5a5d3e993513758913-refs/branch-heads/5414@{#1172}) on port 9917
Only local connections are allowed.
Please see https://chromedriver.chromium.org/security-considerations for suggestions on keeping ChromeDriver safe.
ChromeDriver was started successfully.
Jan 20, 2023 8:59:21 PM org.openqa.selenium.remote.ProtocolHandshake createSession
INFO: Detected dialect: W3C
]]></system-err>
  </testcase>
  <testcase name="Verify that user can buy multiple products #1" classname="Payment Gateway functional test" time="13.544">
    <system-out><![CDATA[
@BuyingProduct_TC2 @Regression @Smoke
Scenario: Verify that user can buy multiple products                    &amp#27;[90m# src/test/resources/Demo.feature:19&amp#27;[0m
Driver is successfully started
  &amp#27;[32mGiven &amp#27;[0m&amp#27;[32mThe user wants to go to Payment Gateway Website&amp#27;[0m                 &amp#27;[90m# code.stepsDefinitions.guru99Steps.the_user_wants_to_go_to_payment_gateway_website()&amp#27;[0m
  &amp#27;[32mWhen &amp#27;[0m&amp#27;[32mThe user wants to buy elephant toy as &amp#27;[0m&amp#27;[32m&amp#27;[1m"5"&amp#27;[0m                        &amp#27;[90m# code.stepsDefinitions.guru99Steps.the_user_wants_to_buy_elephant_toy_as(java.lang.String)&amp#27;[0m
  &amp#27;[32mThen &amp#27;[0m&amp#27;[32mThe user wants to enter Credit Card Number as &amp#27;[0m&amp#27;[32m&amp#27;[1m"5454545454545454"&amp#27;[0m &amp#27;[90m# code.stepsDefinitions.guru99Steps.the_user_wants_to_enter_credit_card_number_as(java.lang.String)&amp#27;[0m
  &amp#27;[32mAnd &amp#27;[0m&amp#27;[32mThe user wants to enter Expiration Month as &amp#27;[0m&amp#27;[32m&amp#27;[1m"11"&amp#27;[0m                  &amp#27;[90m# code.stepsDefinitions.guru99Steps.the_user_wants_to_enter_expiration_month_as(java.lang.String)&amp#27;[0m
  &amp#27;[32mAnd &amp#27;[0m&amp#27;[32mThe user wants to enter Expiration Year as &amp#27;[0m&amp#27;[32m&amp#27;[1m"2026"&amp#27;[0m                 &amp#27;[90m# code.stepsDefinitions.guru99Steps.the_user_wants_to_enter_expiration_year_as(java.lang.String)&amp#27;[0m
  &amp#27;[32mAnd &amp#27;[0m&amp#27;[32mThe user wants to enter CVV Code as &amp#27;[0m&amp#27;[32m&amp#27;[1m"189"&amp#27;[0m                         &amp#27;[90m# code.stepsDefinitions.guru99Steps.the_user_wants_to_enter_cvv_code_as(java.lang.String)&amp#27;[0m
  &amp#27;[32mAnd &amp#27;[0m&amp#27;[32mThe user wants to click on pay now&amp#27;[0m                                &amp#27;[90m# code.stepsDefinitions.guru99Steps.the_user_wants_to_click_on_pay_now()&amp#27;[0m
  &amp#27;[32mThen &amp#27;[0m&amp#27;[32mThe user wants to verify message as &amp#27;[0m&amp#27;[32m&amp#27;[1m"Payment successfull!"&amp#27;[0m       &amp#27;[90m# code.stepsDefinitions.guru99Steps.the_user_wants_to_verify_message_as(java.lang.String)&amp#27;[0m
]]></system-out>
    <system-err><![CDATA[Starting ChromeDriver 109.0.5414.74 (e7c5703604daa9cc128ccf5a5d3e993513758913-refs/branch-heads/5414@{#1172}) on port 29561
Only local connections are allowed.
Please see https://chromedriver.chromium.org/security-considerations for suggestions on keeping ChromeDriver safe.
ChromeDriver was started successfully.
Jan 20, 2023 8:59:35 PM org.openqa.selenium.remote.ProtocolHandshake createSession
INFO: Detected dialect: W3C
]]></system-err>
  </testcase>
  <testcase name="Verify that user can buy multiple products #2" classname="Payment Gateway functional test" time="13.227">
    <system-out><![CDATA[
@dryRunTest @Regression
Scenario: Verify that user can buy multiple products                    &amp#27;[90m# src/test/resources/Demo.feature:30&amp#27;[0m
Driver is successfully started
  &amp#27;[32mGiven &amp#27;[0m&amp#27;[32mThe user wants to go to Payment Gateway Website&amp#27;[0m                 &amp#27;[90m# code.stepsDefinitions.guru99Steps.the_user_wants_to_go_to_payment_gateway_website()&amp#27;[0m
  &amp#27;[32mWhen &amp#27;[0m&amp#27;[32mThe user wants to buy elephant toy as &amp#27;[0m&amp#27;[32m&amp#27;[1m"5"&amp#27;[0m                        &amp#27;[90m# code.stepsDefinitions.guru99Steps.the_user_wants_to_buy_elephant_toy_as(java.lang.String)&amp#27;[0m
  &amp#27;[32mThen &amp#27;[0m&amp#27;[32mThe user wants to enter Credit Card Number as &amp#27;[0m&amp#27;[32m&amp#27;[1m"5454545454545454"&amp#27;[0m &amp#27;[90m# code.stepsDefinitions.guru99Steps.the_user_wants_to_enter_credit_card_number_as(java.lang.String)&amp#27;[0m
  &amp#27;[32mAnd &amp#27;[0m&amp#27;[32mThe user wants to enter Expiration Month as &amp#27;[0m&amp#27;[32m&amp#27;[1m"11"&amp#27;[0m                  &amp#27;[90m# code.stepsDefinitions.guru99Steps.the_user_wants_to_enter_expiration_month_as(java.lang.String)&amp#27;[0m
  &amp#27;[32mAnd &amp#27;[0m&amp#27;[32mThe user wants to enter Expiration Year as &amp#27;[0m&amp#27;[32m&amp#27;[1m"2026"&amp#27;[0m                 &amp#27;[90m# code.stepsDefinitions.guru99Steps.the_user_wants_to_enter_expiration_year_as(java.lang.String)&amp#27;[0m
  &amp#27;[32mAnd &amp#27;[0m&amp#27;[32mThe user wants to enter CVV Code as &amp#27;[0m&amp#27;[32m&amp#27;[1m"189"&amp#27;[0m                         &amp#27;[90m# code.stepsDefinitions.guru99Steps.the_user_wants_to_enter_cvv_code_as(java.lang.String)&amp#27;[0m
  &amp#27;[32mAnd &amp#27;[0m&amp#27;[32mThe user wants to click on pay now&amp#27;[0m                                &amp#27;[90m# code.stepsDefinitions.guru99Steps.the_user_wants_to_click_on_pay_now()&amp#27;[0m
  &amp#27;[32mThen &amp#27;[0m&amp#27;[32mThe user wants to verify message as &amp#27;[0m&amp#27;[32m&amp#27;[1m"Payment successfull!"&amp#27;[0m       &amp#27;[90m# code.stepsDefinitions.guru99Steps.the_user_wants_to_verify_message_as(java.lang.String)&amp#27;[0m
]]></system-out>
    <system-err><![CDATA[Starting ChromeDriver 109.0.5414.74 (e7c5703604daa9cc128ccf5a5d3e993513758913-refs/branch-heads/5414@{#1172}) on port 46793
Only local connections are allowed.
Please see https://chromedriver.chromium.org/security-considerations for suggestions on keeping ChromeDriver safe.
ChromeDriver was started successfully.
Jan 20, 2023 8:59:48 PM org.openqa.selenium.remote.ProtocolHandshake createSession
INFO: Detected dialect: W3C
]]></system-err>
  </testcase>
  <testcase name="Verify that user can buy multiple products - Using Map Format" classname="Payment Gateway functional test" time="13.528">
    <system-out><![CDATA[
@TC3_BuyingMultipleProducts @Regression
Scenario: Verify that user can buy multiple products - Using Map Format &amp#27;[90m# src/test/resources/Demo.feature:41&amp#27;[0m
Driver is successfully started
  &amp#27;[32mGiven &amp#27;[0m&amp#27;[32mThe user wants to go to Payment Gateway Website&amp#27;[0m                 &amp#27;[90m# code.stepsDefinitions.guru99Steps.the_user_wants_to_go_to_payment_gateway_website()&amp#27;[0m
  &amp#27;[32mWhen &amp#27;[0m&amp#27;[32mThe user wants to buy elephant toy as &amp#27;[0m&amp#27;[32m&amp#27;[1m"5"&amp#27;[0m                        &amp#27;[90m# code.stepsDefinitions.guru99Steps.the_user_wants_to_buy_elephant_toy_as(java.lang.String)&amp#27;[0m
  &amp#27;[32mThen &amp#27;[0m&amp#27;[32mThe user wants to provide payment information as following&amp#27;[0m       &amp#27;[90m# code.stepsDefinitions.guru99Steps.the_user_wants_to_provide_payment_information_as_following(java.util.Map<java.lang.String, java.lang.String>)&amp#27;[0m
    | CNumber | 5454545454545454 |
    | EMonth  | 11               |
    | EYear   | 2026             |
    | CvvCode | 189              |
  &amp#27;[32mAnd &amp#27;[0m&amp#27;[32mThe user wants to click on pay now&amp#27;[0m                                &amp#27;[90m# code.stepsDefinitions.guru99Steps.the_user_wants_to_click_on_pay_now()&amp#27;[0m
  &amp#27;[32mThen &amp#27;[0m&amp#27;[32mThe user wants to verify message as &amp#27;[0m&amp#27;[32m&amp#27;[1m"Payment successfull!"&amp#27;[0m       &amp#27;[90m# code.stepsDefinitions.guru99Steps.the_user_wants_to_verify_message_as(java.lang.String)&amp#27;[0m
]]></system-out>
    <system-err><![CDATA[Starting ChromeDriver 109.0.5414.74 (e7c5703604daa9cc128ccf5a5d3e993513758913-refs/branch-heads/5414@{#1172}) on port 8873
Only local connections are allowed.
Please see https://chromedriver.chromium.org/security-considerations for suggestions on keeping ChromeDriver safe.
ChromeDriver was started successfully.
Jan 20, 2023 9:00:02 PM org.openqa.selenium.remote.ProtocolHandshake createSession
INFO: Detected dialect: W3C
]]></system-err>
  </testcase>
  <testcase name="Verify that user can buy multiple products - Using List format" classname="Payment Gateway functional test" time="13.349">
    <system-out><![CDATA[
@TC3_BuyingMultiProdsListForm @Regression @Smoke
Scenario: Verify that user can buy multiple products - Using List format    &amp#27;[90m# src/test/resources/Demo.feature:54&amp#27;[0m
Driver is successfully started
  &amp#27;[32mGiven &amp#27;[0m&amp#27;[32mThe user wants to go to Payment Gateway Website&amp#27;[0m                     &amp#27;[90m# code.stepsDefinitions.guru99Steps.the_user_wants_to_go_to_payment_gateway_website()&amp#27;[0m
  &amp#27;[32mWhen &amp#27;[0m&amp#27;[32mThe user wants to buy elephant toy as following quantity&amp#27;[0m             &amp#27;[90m# code.stepsDefinitions.guru99Steps.the_user_wants_to_buy_elephant_toy_as_following_quantity(java.util.List<java.util.List<java.lang.String>>)&amp#27;[0m
    | 4  |
    | 8  |
    | -0 |
  &amp#27;[32mThen &amp#27;[0m&amp#27;[32mThe user wants to provide payment information as following as a List&amp#27;[0m &amp#27;[90m# code.stepsDefinitions.guru99Steps.the_user_wants_to_provide_payment_information_as_following_as_a_list(java.util.List<java.util.List<java.lang.String>>)&amp#27;[0m
    | 5454545454545454 | 11 | 2027 | 199 |
    | 4520353569547896 | 12 | 2025 | 333 |
  &amp#27;[32mAnd &amp#27;[0m&amp#27;[32mThe user wants to click on pay now&amp#27;[0m                                    &amp#27;[90m# code.stepsDefinitions.guru99Steps.the_user_wants_to_click_on_pay_now()&amp#27;[0m
  &amp#27;[32mThen &amp#27;[0m&amp#27;[32mThe user wants to verify message as &amp#27;[0m&amp#27;[32m&amp#27;[1m"Payment successfull!"&amp#27;[0m           &amp#27;[90m# code.stepsDefinitions.guru99Steps.the_user_wants_to_verify_message_as(java.lang.String)&amp#27;[0m
]]></system-out>
    <system-err><![CDATA[Starting ChromeDriver 109.0.5414.74 (e7c5703604daa9cc128ccf5a5d3e993513758913-refs/branch-heads/5414@{#1172}) on port 42153
Only local connections are allowed.
Please see https://chromedriver.chromium.org/security-considerations for suggestions on keeping ChromeDriver safe.
ChromeDriver was started successfully.
Jan 20, 2023 9:00:15 PM org.openqa.selenium.remote.ProtocolHandshake createSession
INFO: Detected dialect: W3C
]]></system-err>
  </testcase>
</testsuite>