<?xml version="1.0" encoding="UTF-8"?>
<testsuite xmlns:xsi="http://www.w3.org/2001/XMLSchema-instance" xsi:noNamespaceSchemaLocation="https://maven.apache.org/surefire/maven-surefire-plugin/xsd/surefire-test-report-3.0.xsd" version="3.0" name="Testing dashboard with data table" time="4.77" tests="1" errors="1" skipped="0" failures="0">
  <properties>
[...]
</properties>
  <testcase name="Verify dashboard on header with data table" classname="Testing dashboard with data table" time="4.77">
    <error message="Can&apos;t convert DataTable to List&lt;java.lang.String&gt;.&#10;Please review these problems:&#10;&#10; - There was a table cell transformer for java.lang.String but the table was too wide to use it.&#10;   Please reduce the table width to use this converter.&#10;&#10; - There was no table entry or table row transformer registered for java.lang.String.&#10;   Please consider registering a table entry or row transformer.&#10;&#10;Note: Usually solving one is enough" type="io.cucumber.datatable.UndefinedDataTableTypeException"><![CDATA[io.cucumber.datatable.UndefinedDataTableTypeException: 
Can't convert DataTable to List<java.lang.String>.
Please review these problems:

 - There was a table cell transformer for java.lang.String but the table was too wide to use it.
   Please reduce the table width to use this converter.

 - There was no table entry or table row transformer registered for java.lang.String.
   Please consider registering a table entry or row transformer.

Note: Usually solving one is enough
]]></error>
    <system-out><![CDATA[&amp#27;[32m&amp#27;[1m┌───────────────────────────────────────────────────────────────────────────────────┐&amp#27;[0m
&amp#27;[32m&amp#27;[1m│&amp#27;[0m Share your Cucumber Report with your team at &amp#27;[36m&amp#27;[1m&amp#27;[4mhttps://reports.cucumber.io&amp#27;[0m          &amp#27;[32m&amp#27;[1m│&amp#27;[0m
&amp#27;[32m&amp#27;[1m│&amp#27;[0m Activate publishing with one of the following:                                    &amp#27;[32m&amp#27;[1m│&amp#27;[0m
&amp#27;[32m&amp#27;[1m│&amp#27;[0m                                                                                   &amp#27;[32m&amp#27;[1m│&amp#27;[0m
&amp#27;[32m&amp#27;[1m│&amp#27;[0m src/test/resources/cucumber.properties:          &amp#27;[36mcucumber.publish.enabled&amp#27;[0m=&amp#27;[36mtrue&amp#27;[0m    &amp#27;[32m&amp#27;[1m│&amp#27;[0m
&amp#27;[32m&amp#27;[1m│&amp#27;[0m src/test/resources/junit-platform.properties:    &amp#27;[36mcucumber.publish.enabled&amp#27;[0m=&amp#27;[36mtrue&amp#27;[0m    &amp#27;[32m&amp#27;[1m│&amp#27;[0m
&amp#27;[32m&amp#27;[1m│&amp#27;[0m Environment variable:                            &amp#27;[36mCUCUMBER_PUBLISH_ENABLED&amp#27;[0m=&amp#27;[36mtrue&amp#27;[0m    &amp#27;[32m&amp#27;[1m│&amp#27;[0m
&amp#27;[32m&amp#27;[1m│&amp#27;[0m JUnit:                                           &amp#27;[36m@CucumberOptions&amp#27;[0m(publish = &amp#27;[36mtrue&amp#27;[0m) &amp#27;[32m&amp#27;[1m│&amp#27;[0m
&amp#27;[32m&amp#27;[1m│&amp#27;[0m                                                                                   &amp#27;[32m&amp#27;[1m│&amp#27;[0m
&amp#27;[32m&amp#27;[1m│&amp#27;[0m More information at &amp#27;[36mhttps://cucumber.io/docs/cucumber/environment-variables/&amp#27;[0m      &amp#27;[32m&amp#27;[1m│&amp#27;[0m
&amp#27;[32m&amp#27;[1m│&amp#27;[0m                                                                                   &amp#27;[32m&amp#27;[1m│&amp#27;[0m
&amp#27;[32m&amp#27;[1m│&amp#27;[0m Disable this message with one of the following:                                   &amp#27;[32m&amp#27;[1m│&amp#27;[0m
&amp#27;[32m&amp#27;[1m│&amp#27;[0m                                                                                   &amp#27;[32m&amp#27;[1m│&amp#27;[0m
&amp#27;[32m&amp#27;[1m│&amp#27;[0m src/test/resources/cucumber.properties:          &amp#27;[36mcucumber.publish.quiet&amp#27;[0m=&amp#27;[36mtrue&amp#27;[0m      &amp#27;[32m&amp#27;[1m│&amp#27;[0m
&amp#27;[32m&amp#27;[1m│&amp#27;[0m src/test/resources/junit-platform.properties:    &amp#27;[36mcucumber.publish.quiet&amp#27;[0m=&amp#27;[36mtrue&amp#27;[0m      &amp#27;[32m&amp#27;[1m│&amp#27;[0m
&amp#27;[32m&amp#27;[1m└───────────────────────────────────────────────────────────────────────────────────┘&amp#27;[0m


@dashboard
Scenario: Verify dashboard on header with data table         &amp#27;[90m# src/test/resources/dataTableExample.feature:6&amp#27;[0m
Driver is successfully started
  &amp#27;[32mGiven &amp#27;[0m&amp#27;[32mUser navigates to website as &amp#27;[0m&amp#27;[32m&amp#27;[1m"https://www.ebay.com/"&amp#27;[0m &amp#27;[90m# code.stepsDefinitions.ebay.user_navigates_to_website_as(java.lang.String)&amp#27;[0m
  &amp#27;[31mThen &amp#27;[0m&amp#27;[31mUser verify all the dashboards on header&amp#27;[0m              &amp#27;[90m# code.stepsDefinitions.ebay.user_verify_all_the_dashboards_on_header(io.cucumber.datatable.DataTable)&amp#27;[0m
    | Saved | Motors | Electronics | Collectibles | Home & Garden | Fashion | Toys | Sporting Goods | Business & Industrial | Jewelry & Watches | eBay Live | Refurbished |
      &amp#27;[31mio.cucumber.datatable.UndefinedDataTableTypeException: Can't convert DataTable to List<java.lang.String>.
Please review these problems:

 - There was a table cell transformer for java.lang.String but the table was too wide to use it.
   Please reduce the table width to use this converter.

 - There was no table entry or table row transformer registered for java.lang.String.
   Please consider registering a table entry or row transformer.

Note: Usually solving one is enough
	at io.cucumber.datatable.UndefinedDataTableTypeException.listNoConverterDefined(UndefinedDataTableTypeException.java:102)
	at io.cucumber.datatable.DataTableTypeRegistryTableConverter.toList(DataTableTypeRegistryTableConverter.java:144)
	at io.cucumber.datatable.DataTable.asList(DataTable.java:199)
	at code.stepsDefinitions.ebay.user_verify_all_the_dashboards_on_header(ebay.java:28)
	at ✽.User verify all the dashboards on header(file:///Users/aatug/IdeaProjects/RenastechTulip/04_CucumberBDD/src/test/resources/dataTableExample.feature:8)
&amp#27;[0m

    Embedding Verify dashboard on header with data table [image/png 554877 bytes]

]]></system-out>
    <system-err><![CDATA[SLF4J: Failed to load class "org.slf4j.impl.StaticLoggerBinder".
SLF4J: Defaulting to no-operation (NOP) logger implementation
SLF4J: See http://www.slf4j.org/codes.html#StaticLoggerBinder for further details.
Starting ChromeDriver 109.0.5414.74 (e7c5703604daa9cc128ccf5a5d3e993513758913-refs/branch-heads/5414@{#1172}) on port 21734
Only local connections are allowed.
Please see https://chromedriver.chromium.org/security-considerations for suggestions on keeping ChromeDriver safe.
ChromeDriver was started successfully.
Jan 19, 2023 7:26:59 PM org.openqa.selenium.remote.ProtocolHandshake createSession
INFO: Detected dialect: W3C
]]></system-err>
  </testcase>
</testsuite>